<?xml version="1.0" encoding="UTF-8"?>
<!-- Generated by org.testng.reporters.JUnitReportReporter -->
<testsuite skipped="0" hostname="mubashir-desktop" name="com.agro.TestCase" tests="35" failures="0" timestamp="22 Sep 2017 13:06:37 GMT" time="112.541" errors="0">
  <testcase name="test1" time="3.250" classname="com.agro.TestCase"/>
  <testcase name="test2" time="3.177" classname="com.agro.TestCase"/>
  <testcase name="test3" time="3.187" classname="com.agro.TestCase"/>
  <testcase name="test4" time="3.174" classname="com.agro.TestCase"/>
  <testcase name="test5" time="6.722" classname="com.agro.TestCase"/>
  <testcase name="test6" time="0.083" classname="com.agro.TestCase"/>
  <testcase name="test7" time="3.727" classname="com.agro.TestCase"/>
  <testcase name="test8" time="8.263" classname="com.agro.TestCase"/>
  <testcase name="test9" time="3.227" classname="com.agro.TestCase"/>
  <testcase name="test10" time="3.163" classname="com.agro.TestCase"/>
  <testcase name="test11" time="3.154" classname="com.agro.TestCase"/>
  <testcase name="test12" time="3.167" classname="com.agro.TestCase"/>
  <testcase name="test13" time="3.169" classname="com.agro.TestCase"/>
  <testcase name="test14" time="3.197" classname="com.agro.TestCase"/>
  <testcase name="test15" time="3.195" classname="com.agro.TestCase"/>
  <testcase name="test16" time="3.192" classname="com.agro.TestCase"/>
  <testcase name="test17" time="3.220" classname="com.agro.TestCase"/>
  <testcase name="test18" time="3.157" classname="com.agro.TestCase"/>
  <testcase name="test19" time="3.207" classname="com.agro.TestCase"/>
  <testcase name="test20" time="3.213" classname="com.agro.TestCase"/>
  <testcase name="test21" time="3.166" classname="com.agro.TestCase"/>
  <testcase name="test22" time="3.245" classname="com.agro.TestCase"/>
  <testcase name="test23" time="0.552" classname="com.agro.TestCase"/>
  <testcase name="test24" time="3.204" classname="com.agro.TestCase"/>
  <testcase name="test25" time="3.203" classname="com.agro.TestCase"/>
  <testcase name="test26" time="3.180" classname="com.agro.TestCase"/>
  <testcase name="test27" time="3.171" classname="com.agro.TestCase"/>
  <testcase name="test28" time="3.176" classname="com.agro.TestCase"/>
  <testcase name="test29" time="3.164" classname="com.agro.TestCase"/>
  <testcase name="test30" time="3.162" classname="com.agro.TestCase"/>
  <testcase name="test31" time="3.162" classname="com.agro.TestCase"/>
  <testcase name="test32" time="2.449" classname="com.agro.TestCase"/>
  <testcase name="test33" time="2.616" classname="com.agro.TestCase"/>
  <testcase name="test34" time="2.597" classname="com.agro.TestCase"/>
  <testcase name="test35" time="2.650" classname="com.agro.TestCase"/>
</testsuite> <!-- com.agro.TestCase -->
