<?xml version="1.0" encoding="UTF-8"?>
<!-- Generated by org.testng.reporters.JUnitReportReporter -->
<testsuite skipped="0" hostname="mubashir-desktop" name="com.agro.TestCase" tests="7" failures="0" timestamp="13 Sep 2017 12:21:58 GMT" time="2.388" errors="0">
  <testcase name="test6" time="0.068" classname="com.agro.TestCase"/>
  <testcase name="test1" time="0.121" classname="com.agro.TestCase"/>
  <testcase name="test7" time="1.499" classname="com.agro.TestCase"/>
  <testcase name="test4" time="0.079" classname="com.agro.TestCase"/>
  <testcase name="test2" time="0.089" classname="com.agro.TestCase"/>
  <testcase name="test3" time="0.078" classname="com.agro.TestCase"/>
  <testcase name="test5" time="0.454" classname="com.agro.TestCase"/>
</testsuite> <!-- com.agro.TestCase -->
