<?xml version="1.0" encoding="UTF-8"?>
<!-- Generated by org.testng.reporters.JUnitReportReporter -->
<testsuite skipped="0" hostname="mubashir-desktop" name="com.agro.TestCase" tests="41" failures="0" timestamp="03 Oct 2017 07:09:07 GMT" time="142.417" errors="0">
  <testcase name="test1" time="3.197" classname="com.agro.TestCase"/>
  <testcase name="test2" time="3.176" classname="com.agro.TestCase"/>
  <testcase name="test3" time="3.188" classname="com.agro.TestCase"/>
  <testcase name="test4" time="3.169" classname="com.agro.TestCase"/>
  <testcase name="test5" time="6.673" classname="com.agro.TestCase"/>
  <testcase name="test6" time="0.084" classname="com.agro.TestCase"/>
  <testcase name="test7" time="1.817" classname="com.agro.TestCase"/>
  <testcase name="test8" time="8.497" classname="com.agro.TestCase"/>
  <testcase name="test9" time="3.210" classname="com.agro.TestCase"/>
  <testcase name="test10" time="3.159" classname="com.agro.TestCase"/>
  <testcase name="test11" time="3.160" classname="com.agro.TestCase"/>
  <testcase name="test12" time="3.158" classname="com.agro.TestCase"/>
  <testcase name="test13" time="3.139" classname="com.agro.TestCase"/>
  <testcase name="test14" time="3.181" classname="com.agro.TestCase"/>
  <testcase name="test15" time="3.199" classname="com.agro.TestCase"/>
  <testcase name="test16" time="3.199" classname="com.agro.TestCase"/>
  <testcase name="test17" time="3.194" classname="com.agro.TestCase"/>
  <testcase name="test18" time="3.154" classname="com.agro.TestCase"/>
  <testcase name="test19" time="3.211" classname="com.agro.TestCase"/>
  <testcase name="test20" time="3.206" classname="com.agro.TestCase"/>
  <testcase name="test21" time="3.171" classname="com.agro.TestCase"/>
  <testcase name="test22" time="3.231" classname="com.agro.TestCase"/>
  <testcase name="test23" time="0.519" classname="com.agro.TestCase"/>
  <testcase name="test24" time="3.201" classname="com.agro.TestCase"/>
  <testcase name="test25" time="3.163" classname="com.agro.TestCase"/>
  <testcase name="test26" time="3.168" classname="com.agro.TestCase"/>
  <testcase name="test27" time="3.169" classname="com.agro.TestCase"/>
  <testcase name="test28" time="3.164" classname="com.agro.TestCase"/>
  <testcase name="test29" time="3.159" classname="com.agro.TestCase"/>
  <testcase name="test30" time="3.163" classname="com.agro.TestCase"/>
  <testcase name="test31" time="3.159" classname="com.agro.TestCase"/>
  <testcase name="test32" time="2.447" classname="com.agro.TestCase"/>
  <testcase name="test33" time="2.615" classname="com.agro.TestCase"/>
  <testcase name="test34" time="2.614" classname="com.agro.TestCase"/>
  <testcase name="test35" time="2.695" classname="com.agro.TestCase"/>
  <testcase name="test36" time="3.179" classname="com.agro.TestCase"/>
  <testcase name="test37" time="6.484" classname="com.agro.TestCase"/>
  <testcase name="test38" time="5.561" classname="com.agro.TestCase"/>
  <testcase name="test39" time="5.482" classname="com.agro.TestCase"/>
  <testcase name="test40" time="5.484" classname="com.agro.TestCase"/>
  <testcase name="test41" time="5.618" classname="com.agro.TestCase"/>
</testsuite> <!-- com.agro.TestCase -->
